<?xml version="1.0" encoding="UTF-8"?>
<!-- Generated by org.testng.reporters.JUnitReportReporter -->
<testsuite hostname="Pragti" failures="0" tests="1" name="pac1.NewTest" time="7.598" errors="0" timestamp="2024-12-16T19:09:26 IST" skipped="0">
  <testcase classname="pac1.NewTest" name="fTest" time="7.598"/>
</testsuite> <!-- pac1.NewTest -->
