<?xml version="1.0" encoding="UTF-8"?>
<!-- Generated by org.testng.reporters.JUnitReportReporter -->
<testsuite hostname="Pragti" failures="0" tests="1" name="pac1.NewTest" time="6.927" errors="0" timestamp="2024-12-17T15:40:04 IST" skipped="0">
  <testcase classname="pac1.NewTest" name="fTest" time="6.927"/>
</testsuite> <!-- pac1.NewTest -->
